0 info it worked if it ends with ok
1 verbose cli [ 'D:\\programfile\\nodejs\\program\\node.exe',
1 verbose cli   'C:\\Users\\Dolores\\AppData\\Roaming\\npm\\node_modules\\cnpm\\node_modules\\npm\\bin\\npm-cli.js',
1 verbose cli   '--userconfig=C:\\Users\\Dolores\\.cnpmrc',
1 verbose cli   '--disturl=https://npm.taobao.org/mirrors/node',
1 verbose cli   '--registry=https://registry.npm.taobao.org',
1 verbose cli   'run',
1 verbose cli   'start' ]
2 info using npm@3.10.10
3 info using node@v10.15.3
4 verbose run-script [ 'prestart', 'start', 'poststart' ]
5 info lifecycle y@1.0.0~prestart: y@1.0.0
6 silly lifecycle y@1.0.0~prestart: no script for prestart, continuing
7 info lifecycle y@1.0.0~start: y@1.0.0
8 verbose lifecycle y@1.0.0~start: unsafe-perm in lifecycle true
9 verbose lifecycle y@1.0.0~start: PATH: C:\Users\Dolores\AppData\Roaming\npm\node_modules\cnpm\node_modules\npm\bin\node-gyp-bin;D:\work\juyun\else\ElasticHD\node_modules\.bin;C:\Program Files\Java\jdk1.8.0_92\bin;C:\Program Files\Java\jdk1.8.0_92\jre\bin;D:\work\juyun\apache-maven-3.3.9\bin;C:\Windows\system32;C:\Windows;C:\Windows\System32\Wbem;C:\Windows\System32\WindowsPowerShell\v1.0\;C:\Program Files\Intel\WiFi\bin\;C:\Program Files\Common Files\Intel\WirelessCommon\;C:\Program Files (x86)\NVIDIA Corporation\PhysX\Common;D:\programfile\TortoiseSVN\bin;D:\programfile\git\program\Git\bin;D:\programfile\nodejs\program\;C:\Users\Dolores\AppData\Local\Yarn\bin;C:\Users\Dolores\AppData\Roaming\npm
10 verbose lifecycle y@1.0.0~start: CWD: D:\work\juyun\else\ElasticHD
11 silly lifecycle y@1.0.0~start: Args: [ '/d /s /c', 'node build/dev-server.js' ]
12 verbose stack Error: kill ENOSYS
12 verbose stack     at process.kill (internal/process/per_thread.js:198:13)
12 verbose stack     at process.listener (C:\Users\Dolores\AppData\Roaming\npm\node_modules\cnpm\node_modules\npm\node_modules\npmlog\node_modules\gauge\node_modules\signal-exit\index.js:86:15)
12 verbose stack     at process.emit (events.js:194:15)
13 verbose cwd D:\work\juyun\else\ElasticHD
14 error Windows_NT 6.3.9600
15 error argv "D:\\programfile\\nodejs\\program\\node.exe" "C:\\Users\\Dolores\\AppData\\Roaming\\npm\\node_modules\\cnpm\\node_modules\\npm\\bin\\npm-cli.js" "--userconfig=C:\\Users\\Dolores\\.cnpmrc" "--disturl=https://npm.taobao.org/mirrors/node" "--registry=https://registry.npm.taobao.org" "run" "start"
16 error node v10.15.3
17 error npm  v3.10.10
18 error code ENOSYS
19 error errno ENOSYS
20 error syscall kill
21 error kill ENOSYS
22 error If you need help, you may report this error at:
22 error     <https://github.com/npm/npm/issues>
23 verbose exit [ 1, true ]
